<?xml version="1.0" encoding="UTF-8"?> 

<ContainerSignatureMapping schemaVersion="1.0" signatureVersion="1"> 
    <ContainerSignatures>

        <ContainerSignature Id="1000" ContainerType="OLE2">
            <Description>Microsoft Word 97 OLE2 Template</Description>
            <Files>
                <File>
                    <Path>WordDocument</Path>
                </File>
                <File>
                    <Path>CompObj</Path>
                    <BinarySignatures>
                        <InternalSignatureCollection>                    
	                        <InternalSignature ID="300">
	                            <ByteSequence Reference="BOFoffset">
	                                <SubSequence Position="1" SubSeqMinOffset="40" SubSeqMaxOffset="1024">
	                                    <Sequence>10 00 00 00 'Word.Document.8' 00</Sequence>
	                                </SubSequence>
	                            </ByteSequence>
	                        </InternalSignature>
	                    </InternalSignatureCollection>
                    </BinarySignatures>
                </File>
                
                <File>
                    <Path>WordDocument</Path>
                    <BinarySignatures>
                        <InternalSignatureCollection>                    
	                        <InternalSignature ID="300">
	                            <ByteSequence Reference="BOFoffset">
	                                <SubSequence Position="1" SubSeqMinOffset="10" SubSeqMaxOffset="10">
	                                    <Sequence>(01|03|05|07|09|0B|0D|0F|11|13|15|17|19|1B|1D|1F|21|23|25|27|29|2B|2D|2F|31|33|35|37|39|3B|3D|3F|41|43|45|47|49|4B|4D|4F|51|53|55|57|59|5B|5D|5F|61|63|65|67|69|6B|6D|6F|71|73|75|77|79|7B|7D|7F|81|83|85|87|89|8B|8D|8F|91|93|95|97|99|9B|9D|9F|A1|A3|A5|A7|A9|AB|AD|AF|B1|B3|B5|B7|B9|BB|BD|BF|C1|C3|C5|C7|C9|CB|CD|CF|D1|D3|D5|D7|D9|DB|DD|DF|E1|E3|E5|E7|E9|EB|ED|EF|F1|F3|F5|F7|F9|FB|FD|FF)</Sequence>
	                                </SubSequence>
	                            </ByteSequence>
	                        </InternalSignature>
	                    </InternalSignatureCollection>
                    </BinarySignatures>
                </File>
                
            </Files>
        </ContainerSignature> 

        <ContainerSignature Id="1010" ContainerType="OLE2">
            <Description>Microsoft Word 97 OLE2</Description>
            <Files>
                <File>
                    <Path>WordDocument</Path>
                </File>
                <File>
                    <Path>CompObj</Path>
                    <BinarySignatures>
                        <InternalSignatureCollection>                    
	                        <InternalSignature ID="300">
	                            <ByteSequence Reference="BOFoffset">
	                                <SubSequence Position="1" SubSeqMinOffset="40" SubSeqMaxOffset="1024">
	                                    <Sequence>10 00 00 00 'Word.Document.8' 00</Sequence>
	                                </SubSequence>
	                            </ByteSequence>
	                        </InternalSignature>
	                    </InternalSignatureCollection>
                    </BinarySignatures>
                </File>
                
                <File>
                    <Path>WordDocument</Path>
                    <BinarySignatures>
                        <InternalSignatureCollection>                    
	                        <InternalSignature ID="300">
	                            <ByteSequence Reference="BOFoffset">
	                                <SubSequence Position="1" SubSeqMinOffset="10" SubSeqMaxOffset="10">
	                                    <Sequence>(00|02|04|06|08|0A|0C|0E|10|12|14|16|18|1A|1C|1E|20|22|24|26|28|2A|2C|2E|30|32|34|36|38|3A|3C|3E|40|42|44|46|48|4A|4C|4E|50|52|54|56|58|5A|5C|5E|60|62|64|66|68|6A|6C|6E|70|72|74|76|78|7A|7C|7E|80|82|84|86|88|8A|8C|8E|90|92|94|96|98|9A|9C|9E|A0|A2|A4|A6|A8|AA|AC|AE|B0|B2|B4|B6|B8|BA|BC|BE|C0|C2|C4|C6|C8|CA|CC|CE|D0|D2|D4|D6|D8|DA|DC|DE|E0|E2|E4|E6|E8|EA|EC|EE|F0|F2|F4|F6|F8|FA|FC|FE)</Sequence>
	                                </SubSequence>
	                            </ByteSequence>
	                        </InternalSignature>
	                    </InternalSignatureCollection>
                    </BinarySignatures>
                </File>
                
            </Files>
        </ContainerSignature> 


    </ContainerSignatures>
  
    <FileFormatMappings>
    
    	<!--  Thumbs.db (OLE2)-->
        <FileFormatMapping signatureId="1000" Puid="dev-x-fmt/45"/>
        <FileFormatMapping signatureId="1010" Puid="dev-fmt/40"/>
    </FileFormatMappings>
  
    <TriggerPuids>
        <TriggerPuid ContainerType="OLE2" Puid="fmt/111"/> 
        <TriggerPuid ContainerType="ZIP" Puid="fmt/189"/> 
        <TriggerPuid ContainerType="ZIP" Puid="x-fmt/263"/> 
    </TriggerPuids>

</ContainerSignatureMapping>
